2020-07-14 14:06:55,969 INFO [main] c.x.job.admin.XxlJobAdminApplication [StartupInfoLogger.java : 55] Starting XxlJobAdminApplication on MacBook-Pro.local with PID 24708 (/Users/qinyue/github/hxGithub/nacos-spring-test/xxl-job/xxl-job-admin/target/classes started by qinyue in /Users/qinyue/github/hxGithub/nacos-spring-test)
2020-07-14 14:06:55,974 INFO [main] c.x.job.admin.XxlJobAdminApplication [SpringApplication.java : 651] No active profile set, falling back to default profiles: default
2020-07-14 14:06:57,511 INFO [main] o.s.b.w.e.tomcat.TomcatWebServer [TomcatWebServer.java : 92] Tomcat initialized with port(s): 7070 (http)
2020-07-14 14:06:57,517 INFO [main] o.a.coyote.http11.Http11NioProtocol [DirectJDKLog.java : 173] Initializing ProtocolHandler ["http-nio-7070"]
2020-07-14 14:06:57,517 INFO [main] o.a.catalina.core.StandardService [DirectJDKLog.java : 173] Starting service [Tomcat]
2020-07-14 14:06:57,518 INFO [main] o.a.catalina.core.StandardEngine [DirectJDKLog.java : 173] Starting Servlet engine: [Apache Tomcat/9.0.33]
2020-07-14 14:06:57,578 INFO [main] o.a.c.c.C.[.[.[/xxl-job-admin] [DirectJDKLog.java : 173] Initializing Spring embedded WebApplicationContext
2020-07-14 14:06:57,579 INFO [main] o.s.web.context.ContextLoader [ServletWebServerApplicationContext.java : 284] Root WebApplicationContext: initialization completed in 1297 ms
2020-07-14 14:06:58,104 INFO [main] c.x.j.a.c.scheduler.XxlJobScheduler [XxlJobScheduler.java : 45] >>>>>>>>> init xxl-job admin success.
2020-07-14 14:06:58,115 INFO [xxl-job, admin JobLosedMonitorHelper] com.zaxxer.hikari.HikariDataSource [HikariDataSource.java : 110] HikariCP - Starting...
2020-07-14 14:06:58,215 INFO [main] o.s.s.c.ThreadPoolTaskExecutor [ExecutorConfigurationSupport.java : 181] Initializing ExecutorService 'applicationTaskExecutor'
2020-07-14 14:06:58,279 INFO [main] o.s.b.a.w.s.WelcomePageHandlerMapping [WelcomePageHandlerMapping.java : 58] Adding welcome page template: index
2020-07-14 14:06:58,457 INFO [xxl-job, admin JobLosedMonitorHelper] com.zaxxer.hikari.HikariDataSource [HikariDataSource.java : 123] HikariCP - Start completed.
2020-07-14 14:06:58,650 INFO [main] o.s.b.a.e.web.EndpointLinksResolver [EndpointLinksResolver.java : 58] Exposing 2 endpoint(s) beneath base path '/actuator'
2020-07-14 14:06:58,708 INFO [main] o.a.coyote.http11.Http11NioProtocol [DirectJDKLog.java : 173] Starting ProtocolHandler ["http-nio-7070"]
2020-07-14 14:06:58,738 INFO [main] o.a.c.c.C.[.[.[/xxl-job-admin] [DirectJDKLog.java : 173] Initializing Spring DispatcherServlet 'dispatcherServlet'
2020-07-14 14:06:58,739 INFO [main] o.s.web.servlet.DispatcherServlet [FrameworkServlet.java : 525] Initializing Servlet 'dispatcherServlet'
2020-07-14 14:06:58,744 INFO [main] o.s.web.servlet.DispatcherServlet [FrameworkServlet.java : 547] Completed initialization in 5 ms
2020-07-14 14:06:58,748 INFO [main] o.s.b.w.e.tomcat.TomcatWebServer [TomcatWebServer.java : 204] Tomcat started on port(s): 7070 (http) with context path '/xxl-job-admin'
2020-07-14 14:06:58,751 INFO [main] c.x.job.admin.XxlJobAdminApplication [StartupInfoLogger.java : 61] Started XxlJobAdminApplication in 3.242 seconds (JVM running for 4.11)
2020-07-14 14:07:03,003 INFO [xxl-job, admin JobScheduleHelper#scheduleThread] c.x.j.a.c.thread.JobScheduleHelper [JobScheduleHelper.java : 51] >>>>>>>>> init xxl-job admin scheduler success.
2020-07-14 14:07:56,119 INFO [SpringContextShutdownHook] o.s.s.c.ThreadPoolTaskExecutor [ExecutorConfigurationSupport.java : 218] Shutting down ExecutorService 'applicationTaskExecutor'
2020-07-14 14:07:57,120 INFO [xxl-job, admin JobScheduleHelper#scheduleThread] c.x.j.a.c.thread.JobScheduleHelper [JobScheduleHelper.java : 203] >>>>>>>>>>> xxl-job, JobScheduleHelper#scheduleThread stop
2020-07-14 14:07:58,003 INFO [xxl-job, admin JobScheduleHelper#ringThread] c.x.j.a.c.thread.JobScheduleHelper [JobScheduleHelper.java : 264] >>>>>>>>>>> xxl-job, JobScheduleHelper#ringThread stop
2020-07-14 14:07:58,126 INFO [SpringContextShutdownHook] c.x.j.a.c.thread.JobScheduleHelper [JobScheduleHelper.java : 351] >>>>>>>>>>> xxl-job, JobScheduleHelper stop
2020-07-14 14:07:58,126 INFO [xxl-job, admin JobLogReportHelper] c.x.j.a.c.thread.JobLogReportHelper [JobLogReportHelper.java : 132] >>>>>>>>>>> xxl-job, job log report thread stop
2020-07-14 14:07:58,127 INFO [SpringContextShutdownHook] c.x.j.a.c.t.JobTriggerPoolHelper [JobTriggerPoolHelper.java : 60] >>>>>>>>> xxl-job trigger thread pool shutdown success.
2020-07-14 14:07:58,127 INFO [xxl-job, admin JobLosedMonitorHelper] c.x.j.a.c.t.JobLosedMonitorHelper [JobLosedMonitorHelper.java : 75] >>>>>>>>>>> xxl-job, JobLosedMonitorHelper stop
2020-07-14 14:07:58,127 INFO [xxl-job, admin JobFailMonitorHelper] c.x.j.a.c.t.JobFailMonitorHelper [JobFailMonitorHelper.java : 90] >>>>>>>>>>> xxl-job, job fail monitor thread stop
2020-07-14 14:07:58,128 INFO [xxl-job, admin JobRegistryMonitorHelper] c.x.j.a.c.t.JobRegistryMonitorHelper [JobRegistryMonitorHelper.java : 92] >>>>>>>>>>> xxl-job, job registry monitor thread stop
2020-07-14 14:07:58,128 INFO [SpringContextShutdownHook] com.zaxxer.hikari.HikariDataSource [HikariDataSource.java : 350] HikariCP - Shutdown initiated...
2020-07-14 14:07:58,133 INFO [SpringContextShutdownHook] com.zaxxer.hikari.HikariDataSource [HikariDataSource.java : 352] HikariCP - Shutdown completed.
